<?xml version="1.0" encoding="UTF-8"?>
<testng-results ignored="0" total="3" passed="3" failed="0" skipped="0">
  <reporter-output>
  </reporter-output>
  <suite started-at="2024-04-30T00:49:35 IST" name="Suite" finished-at="2024-04-30T00:49:57 IST" duration-ms="21500">
    <groups>
    </groups>
    <test started-at="2024-04-30T00:49:35 IST" name="Test1" finished-at="2024-04-30T00:49:52 IST" duration-ms="16062">
      <class name="com.AmazonApp.DockerTest_AmazonApp">
        <test-method signature="browserTest(java.lang.String)[pri:0, instance:com.AmazonApp.DockerTest_AmazonApp@49d904ec]" started-at="2024-04-30T00:49:36 IST" name="browserTest" finished-at="2024-04-30T00:49:52 IST" duration-ms="15979" status="PASS">
          <params>
            <param index="0">
              <value>
                <![CDATA[chrome]]>
              </value>
            </param>
          </params>
          <reporter-output>
          </reporter-output>
        </test-method> <!-- browserTest -->
      </class> <!-- com.AmazonApp.DockerTest_AmazonApp -->
    </test> <!-- Test1 -->
    <test started-at="2024-04-30T00:49:35 IST" name="Test3" finished-at="2024-04-30T00:49:53 IST" duration-ms="17411">
      <class name="com.AmazonApp.DockerTest_AmazonApp">
        <test-method signature="browserTest(java.lang.String)[pri:0, instance:com.AmazonApp.DockerTest_AmazonApp@708f5957]" started-at="2024-04-30T00:49:36 IST" name="browserTest" finished-at="2024-04-30T00:49:53 IST" duration-ms="17336" status="PASS">
          <params>
            <param index="0">
              <value>
                <![CDATA[edge]]>
              </value>
            </param>
          </params>
          <reporter-output>
          </reporter-output>
        </test-method> <!-- browserTest -->
      </class> <!-- com.AmazonApp.DockerTest_AmazonApp -->
    </test> <!-- Test3 -->
    <test started-at="2024-04-30T00:49:35 IST" name="Test2" finished-at="2024-04-30T00:49:57 IST" duration-ms="21500">
      <class name="com.AmazonApp.DockerTest_AmazonApp">
        <test-method signature="browserTest(java.lang.String)[pri:0, instance:com.AmazonApp.DockerTest_AmazonApp@130161f7]" started-at="2024-04-30T00:49:36 IST" name="browserTest" finished-at="2024-04-30T00:49:57 IST" duration-ms="21426" status="PASS">
          <params>
            <param index="0">
              <value>
                <![CDATA[firefox]]>
              </value>
            </param>
          </params>
          <reporter-output>
          </reporter-output>
        </test-method> <!-- browserTest -->
      </class> <!-- com.AmazonApp.DockerTest_AmazonApp -->
    </test> <!-- Test2 -->
  </suite> <!-- Suite -->
</testng-results>
