<?xml version="1.0" encoding="UTF-8"?>
<testng-results ignored="0" total="3" passed="3" failed="0" skipped="0">
  <reporter-output>
  </reporter-output>
  <suite started-at="2024-04-30T01:23:46 IST" name="Suite" finished-at="2024-04-30T01:24:12 IST" duration-ms="25585">
    <groups>
    </groups>
    <test started-at="2024-04-30T01:23:46 IST" name="Test1" finished-at="2024-04-30T01:24:04 IST" duration-ms="18089">
      <class name="com.AmazonApp.DockerTest_AmazonApp">
        <test-method signature="browserTest(java.lang.String)[pri:0, instance:com.AmazonApp.DockerTest_AmazonApp@2a798d51]" started-at="2024-04-30T01:23:46 IST" name="browserTest" finished-at="2024-04-30T01:24:04 IST" duration-ms="18014" status="PASS">
          <params>
            <param index="0">
              <value>
                <![CDATA[chrome]]>
              </value>
            </param>
          </params>
          <reporter-output>
          </reporter-output>
        </test-method> <!-- browserTest -->
      </class> <!-- com.AmazonApp.DockerTest_AmazonApp -->
    </test> <!-- Test1 -->
    <test started-at="2024-04-30T01:23:46 IST" name="Test3" finished-at="2024-04-30T01:24:04 IST" duration-ms="17839">
      <class name="com.AmazonApp.DockerTest_AmazonApp">
        <test-method signature="browserTest(java.lang.String)[pri:0, instance:com.AmazonApp.DockerTest_AmazonApp@368f2016]" started-at="2024-04-30T01:23:46 IST" name="browserTest" finished-at="2024-04-30T01:24:04 IST" duration-ms="17711" status="PASS">
          <params>
            <param index="0">
              <value>
                <![CDATA[edge]]>
              </value>
            </param>
          </params>
          <reporter-output>
          </reporter-output>
        </test-method> <!-- browserTest -->
      </class> <!-- com.AmazonApp.DockerTest_AmazonApp -->
    </test> <!-- Test3 -->
    <test started-at="2024-04-30T01:23:46 IST" name="Test2" finished-at="2024-04-30T01:24:12 IST" duration-ms="25585">
      <class name="com.AmazonApp.DockerTest_AmazonApp">
        <test-method signature="browserTest(java.lang.String)[pri:0, instance:com.AmazonApp.DockerTest_AmazonApp@7cc0cdad]" started-at="2024-04-30T01:23:46 IST" name="browserTest" finished-at="2024-04-30T01:24:12 IST" duration-ms="25517" status="PASS">
          <params>
            <param index="0">
              <value>
                <![CDATA[firefox]]>
              </value>
            </param>
          </params>
          <reporter-output>
          </reporter-output>
        </test-method> <!-- browserTest -->
      </class> <!-- com.AmazonApp.DockerTest_AmazonApp -->
    </test> <!-- Test2 -->
  </suite> <!-- Suite -->
</testng-results>
